SF:lib/app/shared/string_utils.dart
DA:2,1
DA:4,1
DA:8,1
DA:10,2
DA:11,7
DA:13,3
LF:6
LH:6
end_of_record
SF:lib/app/shared/loader.dart
DA:6,3
DA:10,3
DA:13,3
DA:14,3
DA:21,6
LF:5
LH:5
end_of_record
SF:lib/app/infrastructure/dependency_injection/dependency_injection_config.dart
DA:6,12
DA:8,4
DA:9,8
LF:3
LH:3
end_of_record
SF:lib/app/infrastructure/dependency_injection/instance_factory.dart
DA:7,9
DA:9,3
DA:10,6
LF:3
LH:3
end_of_record
SF:lib/app/modules/auth/login/presentation/cubit/login_cubit.freezed.dart
DA:10,2
DA:13,0
DA:15,0
DA:20,0
DA:47,2
DA:53,0
DA:58,0
DA:59,0
DA:60,0
DA:61,0
DA:79,2
DA:81,6
DA:83,0
DA:84,0
DA:86,2
DA:91,6
DA:92,2
DA:93,2
DA:94,0
DA:101,3
DA:103,0
DA:104,0
DA:111,0
DA:113,0
DA:116,2
DA:119,2
DA:120,4
DA:122,6
DA:123,1
DA:124,1
DA:125,1
DA:126,1
DA:127,1
DA:130,0
DA:132,0
DA:133,0
DA:134,0
DA:136,2
DA:138,2
LF:39
LH:20
end_of_record
SF:lib/app/modules/auth/login/presentation/cubit/login_state.dart
DA:10,6
DA:11,3
LF:2
LH:2
end_of_record
SF:lib/app/modules/auth/login/presentation/cubit/login_cubit.dart
DA:21,3
DA:23,6
DA:25,2
DA:26,10
DA:27,8
DA:28,10
LF:6
LH:6
end_of_record
SF:lib/app/infrastructure/dependency_injection/dependency_injection_config.iconfig.dart
DA:40,4
DA:41,4
DA:42,6
DA:43,4
DA:44,0
DA:45,4
DA:46,0
DA:47,4
DA:48,0
DA:49,4
DA:50,0
DA:51,4
DA:52,3
DA:53,4
DA:54,3
DA:55,7
DA:56,4
DA:57,10
DA:58,7
DA:59,4
DA:60,0
DA:61,4
DA:62,4
DA:63,4
DA:64,4
DA:65,0
DA:66,4
DA:67,0
LF:28
LH:21
end_of_record
SF:lib/app/modules/auth/cubit/auth_cubit.freezed.dart
DA:10,0
DA:13,0
DA:15,0
DA:16,0
DA:19,0
DA:20,0
DA:23,0
DA:24,0
DA:66,0
DA:82,0
DA:84,0
DA:86,0
DA:87,0
DA:91,1
DA:93,0
DA:98,0
DA:100,0
DA:103,0
DA:104,0
DA:106,0
DA:113,0
DA:114,0
DA:115,0
DA:116,0
DA:119,0
DA:127,0
DA:129,0
DA:131,0
DA:134,0
DA:141,0
DA:142,0
DA:143,0
DA:144,0
DA:147,0
DA:155,0
DA:157,0
DA:159,0
DA:176,0
DA:178,0
DA:180,0
DA:181,0
DA:185,1
DA:187,0
DA:192,1
DA:194,1
DA:197,0
DA:198,0
DA:200,0
DA:207,0
DA:208,0
DA:209,0
DA:210,0
DA:213,0
DA:221,0
DA:223,0
DA:225,0
DA:228,0
DA:235,0
DA:236,0
DA:237,0
DA:238,0
DA:241,0
DA:249,0
DA:251,0
DA:253,0
DA:270,0
DA:272,0
DA:274,0
DA:276,0
DA:280,1
DA:282,0
DA:287,1
DA:289,1
DA:292,0
DA:293,0
DA:295,0
DA:302,0
DA:303,0
DA:304,0
DA:305,0
DA:308,0
DA:316,0
DA:318,0
DA:320,0
DA:323,0
DA:330,0
DA:331,0
DA:332,0
DA:333,0
DA:336,0
DA:344,0
DA:346,0
DA:348,0
LF:93
LH:7
end_of_record
SF:lib/app/modules/auth/cubit/auth_cubit.dart
DA:14,3
DA:16,1
DA:17,2
DA:18,1
DA:19,2
DA:21,2
LF:6
LH:6
end_of_record
SF:lib/app/infrastructure/rest_client/custom_dio.dart
DA:18,0
DA:19,0
DA:21,1
DA:22,3
DA:23,4
DA:33,0
DA:35,0
LF:7
LH:3
end_of_record
SF:lib/app/modules/auth/register/data/datasource/user_register_datasource.dart
DA:12,1
DA:15,1
DA:17,2
DA:18,3
DA:19,1
DA:20,2
DA:22,2
LF:7
LH:7
end_of_record
SF:lib/app/modules/auth/register/infra/repository/user_register_repository.dart
DA:12,1
DA:15,1
DA:17,3
DA:18,1
DA:19,1
DA:20,1
DA:22,3
LF:7
LH:7
end_of_record
SF:lib/app/modules/groups/data/datasource/group_datasource.dart
DA:15,1
DA:18,1
DA:20,4
DA:21,5
DA:23,2
DA:28,1
DA:30,5
DA:32,1
DA:33,2
DA:38,1
DA:40,6
DA:41,3
DA:44,2
DA:48,0
DA:50,0
DA:51,0
LF:16
LH:13
end_of_record
SF:lib/app/modules/groups/infra/repositories/group_repository.dart
DA:16,0
DA:21,0
DA:23,0
DA:24,0
DA:25,0
DA:26,0
DA:27,0
DA:29,0
DA:30,0
DA:35,0
DA:37,0
DA:38,0
DA:39,0
DA:40,0
DA:41,0
DA:43,0
DA:44,0
DA:49,0
DA:51,0
DA:52,0
DA:53,0
DA:54,0
DA:55,0
DA:57,0
DA:58,0
DA:62,0
DA:64,0
LF:27
LH:0
end_of_record
SF:lib/app/modules/auth/login/data/datasource/login_datasource.dart
DA:16,2
DA:19,1
DA:22,2
DA:23,3
DA:28,2
DA:30,1
DA:32,3
DA:33,1
DA:36,2
DA:38,2
LF:10
LH:10
end_of_record
SF:lib/app/modules/auth/login/infra/repositories/login_repository.dart
DA:12,2
DA:15,1
DA:17,3
DA:18,1
DA:19,1
DA:20,1
DA:22,1
DA:23,3
LF:8
LH:8
end_of_record
SF:lib/app/modules/auth/login/domain/usecases/login_user/login_user.dart
DA:16,2
DA:19,1
DA:20,2
DA:21,1
DA:22,5
DA:23,2
DA:24,3
DA:25,4
DA:26,1
DA:27,1
DA:28,1
DA:34,2
LF:12
LH:12
end_of_record
SF:lib/app/modules/auth/register/domain/usecases/register/register.dart
DA:12,1
DA:17,1
DA:18,2
DA:19,3
DA:20,2
DA:24,1
DA:25,1
DA:27,1
DA:28,1
DA:31,1
DA:32,1
DA:35,1
DA:36,1
DA:39,1
DA:40,1
DA:42,2
LF:16
LH:16
end_of_record
SF:lib/app/modules/auth/register/presentation/cubit/register_cubit.freezed.dart
DA:10,1
DA:13,0
DA:15,0
DA:17,0
DA:44,1
DA:50,0
DA:55,0
DA:56,0
DA:57,0
DA:58,0
DA:77,1
DA:79,3
DA:81,0
DA:82,0
DA:84,1
DA:89,3
DA:90,1
DA:91,1
DA:92,0
DA:99,1
DA:106,0
DA:108,0
DA:111,1
DA:114,1
DA:115,2
DA:117,3
DA:118,0
DA:120,0
DA:123,0
DA:125,0
DA:126,0
DA:127,0
DA:129,1
DA:131,1
LF:34
LH:15
end_of_record
SF:lib/app/modules/auth/register/presentation/cubit/register_cubit.dart
DA:16,1
DA:18,2
DA:20,1
DA:21,5
DA:22,3
DA:23,5
LF:6
LH:6
end_of_record
SF:lib/app/modules/auth/register/presentation/cubit/register_state.dart
DA:10,2
LF:1
LH:1
end_of_record
SF:lib/app/modules/groups/domain/usecases/chat_websocket_connect.dart
DA:12,0
DA:14,0
DA:16,0
LF:3
LH:0
end_of_record
SF:lib/app/modules/groups/domain/usecases/create_group.dart
DA:13,0
DA:15,0
DA:17,0
LF:3
LH:0
end_of_record
SF:lib/app/modules/groups/domain/usecases/find_all_groups.dart
DA:14,0
DA:16,0
DA:18,0
LF:3
LH:0
end_of_record
SF:lib/app/modules/groups/domain/usecases/find_group_by_id.dart
DA:12,0
DA:15,0
DA:16,0
DA:17,0
DA:18,0
DA:22,0
DA:23,0
DA:24,0
DA:27,0
LF:9
LH:0
end_of_record
SF:lib/app/modules/groups/presentation/pages/chat/cubit/chat_group_cubit.freezed.dart
DA:10,0
DA:13,0
DA:15,0
DA:20,0
DA:54,0
DA:60,0
DA:67,0
DA:68,0
DA:69,0
DA:70,0
DA:72,0
DA:73,0
DA:94,0
DA:96,0
DA:98,0
DA:99,0
DA:101,0
DA:108,0
DA:109,0
DA:110,0
DA:111,0
DA:113,0
DA:114,0
DA:120,0
DA:125,0
DA:126,0
DA:137,0
DA:139,0
DA:142,0
DA:145,0
DA:146,0
DA:148,0
DA:149,0
DA:151,0
DA:152,0
DA:153,0
DA:154,0
DA:155,0
DA:158,0
DA:160,0
DA:161,0
DA:162,0
DA:163,0
DA:164,0
DA:166,0
DA:168,0
LF:46
LH:0
end_of_record
SF:lib/app/modules/groups/presentation/pages/chat/cubit/chat_group_cubit.dart
DA:25,0
DA:28,0
DA:30,0
DA:31,0
DA:32,0
DA:33,0
DA:34,0
DA:37,0
DA:38,0
DA:39,0
DA:40,0
DA:41,0
DA:42,0
DA:46,0
DA:48,0
DA:49,0
DA:51,0
DA:52,0
DA:54,0
DA:55,0
DA:58,0
DA:60,0
LF:22
LH:0
end_of_record
SF:lib/app/modules/groups/presentation/pages/chat/cubit/chat_group_state.dart
DA:13,0
LF:1
LH:0
end_of_record
SF:lib/app/modules/groups/presentation/pages/groups_list/cubit/group_list_cubit.freezed.dart
DA:10,0
DA:13,0
DA:15,0
DA:19,0
DA:50,0
DA:56,0
DA:62,0
DA:63,0
DA:64,0
DA:65,0
DA:67,0
DA:68,0
DA:89,0
DA:91,0
DA:93,0
DA:94,0
DA:96,0
DA:102,0
DA:103,0
DA:104,0
DA:105,0
DA:107,0
DA:108,0
DA:115,0
DA:119,0
DA:120,0
DA:121,0
DA:130,0
DA:132,0
DA:135,0
DA:138,0
DA:139,0
DA:141,0
DA:142,0
DA:144,0
DA:145,0
DA:147,0
DA:150,0
DA:152,0
DA:153,0
DA:154,0
DA:155,0
DA:157,0
DA:159,0
LF:44
LH:0
end_of_record
SF:lib/app/modules/groups/presentation/pages/groups_list/cubit/group_list_state.dart
DA:11,0
DA:12,0
DA:13,0
LF:3
LH:0
end_of_record
SF:lib/app/modules/groups/presentation/pages/groups_list/cubit/group_list_cubit.dart
DA:21,0
DA:24,0
DA:26,0
DA:27,0
DA:28,0
DA:29,0
DA:32,0
DA:33,0
DA:34,0
DA:35,0
DA:37,0
LF:11
LH:0
end_of_record
SF:lib/app/infrastructure/rest_client/rest_client_exception.dart
DA:4,0
LF:1
LH:0
end_of_record
SF:lib/app/modules/auth/login/domain/entities/user.dart
DA:10,5
DA:16,3
DA:17,12
LF:3
LH:3
end_of_record
SF:lib/app/modules/auth/login/infra/model/user_model.dart
DA:10,1
DA:14,1
DA:16,0
DA:17,0
DA:18,0
DA:19,0
DA:20,0
DA:24,1
DA:27,1
DA:28,1
DA:29,1
DA:30,1
DA:34,0
DA:36,0
LF:14
LH:7
end_of_record
SF:lib/app/modules/auth/login/domain/failures/login_failure.freezed.dart
DA:10,0
DA:13,0
DA:15,0
DA:16,0
DA:21,0
DA:22,0
DA:25,0
DA:26,0
DA:71,0
DA:88,0
DA:90,0
DA:92,0
DA:93,0
DA:95,0
DA:99,0
DA:100,0
DA:106,1
DA:111,0
DA:113,0
DA:116,0
DA:119,0
DA:120,0
DA:121,0
DA:124,0
DA:126,0
DA:128,0
DA:130,0
DA:133,0
DA:140,0
DA:141,0
DA:142,0
DA:143,0
DA:146,0
DA:154,0
DA:156,0
DA:158,0
DA:161,0
DA:168,0
DA:169,0
DA:170,0
DA:171,0
DA:174,0
DA:182,0
DA:184,0
DA:186,0
DA:206,0
DA:208,0
DA:210,0
DA:211,0
DA:215,5
DA:217,0
DA:222,1
DA:224,1
DA:227,0
DA:228,0
DA:230,0
DA:237,0
DA:238,0
DA:239,0
DA:240,0
DA:243,0
DA:251,0
DA:253,0
DA:255,0
DA:258,1
DA:265,0
DA:266,0
DA:267,0
DA:268,1
DA:271,0
DA:279,0
DA:281,0
DA:283,0
DA:301,0
DA:303,0
DA:305,0
DA:306,0
DA:308,0
DA:312,0
DA:313,0
DA:319,3
DA:324,0
DA:326,0
DA:329,0
DA:332,0
DA:333,0
DA:334,0
DA:337,0
DA:339,0
DA:341,0
DA:343,0
DA:346,0
DA:353,0
DA:354,0
DA:355,0
DA:356,0
DA:359,0
DA:367,0
DA:369,0
DA:371,0
DA:374,1
DA:381,0
DA:382,0
DA:383,0
DA:384,1
DA:387,0
DA:395,0
DA:397,0
DA:399,0
LF:109
LH:9
end_of_record
SF:lib/app/modules/auth/login/domain/usecases/login_user/login_param_in.dart
DA:10,3
DA:12,1
DA:13,1
DA:14,3
DA:15,1
DA:18,3
DA:19,1
DA:22,1
DA:23,1
DA:25,2
LF:10
LH:10
end_of_record
SF:lib/app/modules/auth/register/domain/exceptions/register_failure.freezed.dart
DA:10,0
DA:13,0
DA:15,0
DA:16,0
DA:21,0
DA:22,0
DA:64,0
DA:81,0
DA:83,0
DA:85,0
DA:86,0
DA:88,0
DA:92,0
DA:93,0
DA:99,4
DA:104,0
DA:106,0
DA:109,0
DA:112,0
DA:113,0
DA:114,0
DA:117,0
DA:119,0
DA:121,0
DA:123,0
DA:126,0
DA:132,0
DA:133,0
DA:134,0
DA:137,0
DA:144,0
DA:146,0
DA:148,0
DA:151,1
DA:157,0
DA:158,0
DA:159,1
DA:162,0
DA:169,0
DA:171,0
DA:173,0
DA:194,0
DA:196,0
DA:198,0
DA:200,0
DA:202,0
DA:206,0
DA:207,0
DA:213,1
DA:218,0
DA:220,0
DA:223,0
DA:226,0
DA:227,0
DA:228,0
DA:231,0
DA:233,0
DA:235,0
DA:237,0
DA:240,0
DA:246,0
DA:247,0
DA:248,0
DA:251,1
DA:258,0
DA:260,2
DA:262,0
DA:265,0
DA:271,0
DA:272,0
DA:273,0
DA:276,0
DA:283,0
DA:285,0
DA:287,0
LF:75
LH:6
end_of_record
SF:lib/app/modules/groups/infra/failures/group_failures.freezed.dart
DA:10,0
DA:13,0
DA:15,0
DA:16,0
DA:21,0
DA:22,0
DA:69,0
DA:75,0
DA:79,0
DA:80,0
DA:97,0
DA:99,0
DA:101,0
DA:103,0
DA:105,0
DA:109,0
DA:110,0
DA:116,1
DA:121,0
DA:123,0
DA:126,0
DA:129,0
DA:130,0
DA:131,0
DA:134,0
DA:136,0
DA:138,0
DA:140,0
DA:143,0
DA:149,0
DA:150,0
DA:151,0
DA:154,0
DA:161,0
DA:163,0
DA:165,0
DA:168,0
DA:174,0
DA:175,0
DA:176,0
DA:179,0
DA:186,0
DA:188,0
DA:190,0
DA:216,0
DA:218,0
DA:220,0
DA:221,0
DA:223,0
DA:227,0
DA:228,0
DA:234,0
DA:239,0
DA:241,0
DA:244,0
DA:247,0
DA:248,0
DA:249,0
DA:252,0
DA:254,0
DA:256,0
DA:258,0
DA:261,0
DA:267,0
DA:268,0
DA:269,0
DA:272,0
DA:279,0
DA:281,0
DA:283,0
DA:286,0
DA:292,0
DA:293,0
DA:294,0
DA:297,0
DA:304,0
DA:306,0
DA:308,0
LF:78
LH:1
end_of_record
SF:lib/app/modules/groups/domain/entities/group.dart
DA:10,1
LF:1
LH:1
end_of_record
SF:lib/app/modules/groups/infra/model/group_model.dart
DA:14,1
DA:18,1
DA:21,0
DA:22,0
DA:23,0
DA:24,0
DA:25,0
DA:29,1
DA:32,1
DA:33,1
DA:34,1
DA:35,3
DA:39,0
DA:41,0
DA:43,1
DA:44,4
LF:16
LH:9
end_of_record
SF:lib/app/modules/groups/domain/entities/group_message.dart
DA:9,0
LF:1
LH:0
end_of_record
SF:lib/app/modules/groups/infra/model/group_message_model.dart
DA:14,0
DA:19,0
DA:22,0
DA:23,0
DA:24,0
DA:25,0
DA:26,0
DA:27,0
DA:31,0
DA:34,0
DA:35,0
DA:36,0
DA:37,0
DA:38,0
DA:42,0
DA:44,0
DA:46,0
DA:47,0
LF:18
LH:0
end_of_record
SF:lib/app/modules/auth/login/presentation/pages/login_page.dart
DA:14,1
DA:16,1
DA:17,1
DA:21,1
DA:22,1
DA:23,1
DA:24,1
DA:25,2
DA:26,2
DA:28,1
DA:30,1
DA:31,1
DA:33,1
DA:34,1
DA:35,1
DA:36,0
DA:37,0
DA:39,1
DA:40,1
DA:41,2
DA:42,1
DA:48,4
DA:53,1
DA:54,1
DA:55,1
DA:56,1
DA:57,1
DA:58,3
DA:59,4
DA:60,1
DA:61,2
DA:62,3
DA:64,1
DA:66,1
DA:67,1
DA:68,2
DA:69,1
DA:70,1
DA:71,1
DA:72,1
DA:73,1
DA:75,1
DA:76,2
DA:77,2
DA:78,2
DA:79,2
DA:82,1
DA:83,1
DA:84,1
DA:85,1
DA:86,1
DA:88,1
DA:89,2
DA:90,2
DA:91,2
DA:92,2
DA:95,1
DA:98,1
DA:99,3
DA:101,1
DA:102,7
DA:104,1
DA:105,1
DA:107,1
DA:113,1
DA:116,1
DA:117,0
DA:118,1
DA:120,1
LF:69
LH:66
end_of_record
SF:lib/app/modules/auth/register/presentation/pages/register_page.dart
DA:10,1
DA:12,1
DA:13,1
DA:14,1
DA:16,1
DA:17,2
DA:18,1
DA:30,1
DA:32,1
DA:33,4
DA:34,1
DA:35,2
DA:36,2
DA:37,2
DA:38,1
DA:39,1
DA:40,1
DA:41,0
DA:42,0
DA:44,1
DA:45,2
DA:46,1
DA:51,1
DA:52,1
DA:60,2
DA:65,1
DA:67,1
DA:68,1
DA:69,1
DA:70,1
DA:71,1
DA:72,1
DA:73,1
DA:74,1
DA:75,1
DA:81,1
DA:82,1
DA:83,1
DA:84,1
DA:85,1
DA:91,1
DA:92,1
DA:93,1
DA:94,1
DA:95,1
DA:101,1
DA:102,1
DA:103,1
DA:104,3
DA:105,2
DA:106,2
DA:107,2
DA:108,2
LF:53
LH:51
end_of_record
SF:lib/app/infrastructure/routers/routers.gr.dart
DA:34,0
DA:35,0
DA:43,0
DA:44,0
DA:94,0
LF:5
LH:0
end_of_record
SF:lib/app/modules/splash/splash_page.dart
DA:11,0
DA:13,0
DA:15,0
DA:16,0
DA:17,0
DA:18,0
DA:19,0
DA:20,0
DA:21,0
DA:22,0
DA:23,0
DA:25,0
DA:26,0
DA:27,0
DA:31,0
LF:15
LH:0
end_of_record
SF:lib/app/modules/groups/presentation/pages/groups_list/groups_list_page.dart
DA:15,0
DA:17,0
DA:18,0
DA:19,0
DA:25,0
DA:27,0
DA:28,0
DA:29,0
DA:30,0
DA:31,0
DA:32,0
DA:33,0
DA:34,0
DA:35,0
DA:40,0
DA:41,0
DA:42,0
DA:43,0
DA:44,0
DA:45,0
DA:46,0
DA:47,0
DA:49,0
DA:50,0
DA:51,0
DA:52,0
DA:53,0
DA:55,0
DA:56,0
DA:57,0
DA:58,0
DA:59,0
DA:62,0
DA:63,0
DA:65,0
DA:66,0
DA:67,0
DA:68,0
DA:69,0
DA:70,0
DA:71,0
DA:72,0
DA:74,0
DA:77,0
DA:92,0
DA:93,0
DA:94,0
DA:100,0
DA:101,0
DA:102,0
DA:103,0
DA:106,0
DA:107,0
DA:108,0
DA:109,0
DA:110,0
DA:111,0
DA:112,0
DA:113,0
DA:114,0
DA:115,0
DA:116,0
DA:119,0
DA:120,0
DA:121,0
DA:122,0
DA:123,0
DA:126,0
DA:127,0
DA:135,0
DA:136,0
DA:137,0
DA:138,0
DA:139,0
DA:141,0
DA:143,0
DA:144,0
DA:145,0
DA:146,0
DA:149,0
DA:154,0
DA:156,0
LF:82
LH:0
end_of_record
SF:lib/app/modules/groups/presentation/pages/chat/chat_group_page.dart
DA:19,0
DA:23,0
DA:25,0
DA:27,0
DA:28,0
DA:29,0
DA:31,0
DA:32,0
DA:33,0
DA:34,0
DA:35,0
DA:46,0
DA:48,0
DA:49,0
DA:57,0
DA:59,0
DA:60,0
DA:61,0
DA:63,0
DA:65,0
DA:66,0
DA:67,0
DA:68,0
DA:69,0
DA:70,0
DA:71,0
DA:72,0
DA:73,0
DA:74,0
DA:75,0
DA:77,0
DA:78,0
DA:79,0
DA:80,0
DA:82,0
DA:83,0
DA:85,0
DA:86,0
DA:89,0
DA:91,0
DA:92,0
DA:93,0
DA:94,0
DA:95,0
DA:96,0
DA:97,0
DA:98,0
DA:99,0
DA:111,0
DA:112,0
DA:113,0
DA:115,0
DA:116,0
DA:117,0
DA:119,0
DA:120,0
DA:121,0
DA:123,0
DA:124,0
DA:126,0
DA:132,0
DA:133,0
DA:134,0
DA:136,0
DA:138,0
DA:139,0
DA:141,0
DA:161,0
DA:163,0
DA:164,0
LF:70
LH:0
end_of_record
SF:lib/app/shared/flutter_utils.dart
DA:3,2
DA:4,6
DA:8,2
DA:11,2
DA:14,0
DA:17,0
DA:26,2
DA:28,0
DA:30,6
DA:31,4
DA:32,2
LF:11
LH:8
end_of_record
